<?xml version="1.0" encoding="UTF-8"?>
<!-- Generated by org.testng.reporters.JUnitReportReporter -->
<testsuite hostname="Apoorv" name="acuityads.Testscript1" tests="1" failures="0" timestamp="14 Oct 2020 13:21:04 GMT" time="26.253" errors="0">
  <testcase name="VerifyTestScript1" time="26.253" classname="acuityads.Testscript1"/>
</testsuite> <!-- acuityads.Testscript1 -->
